0 info it worked if it ends with ok
1 verbose cli [ '/home/vagrant/.nvm/versions/node/v6.3.1/bin/node',
1 verbose cli   '/home/vagrant/.nvm/versions/node/v6.3.1/bin/npm',
1 verbose cli   'start' ]
2 info using npm@3.10.3
3 info using node@v6.3.1
4 verbose run-script [ 'prestart', 'start', 'poststart' ]
5 info lifecycle hapi-ps-es6@1.0.0~prestart: hapi-ps-es6@1.0.0
6 verbose lifecycle hapi-ps-es6@1.0.0~prestart: unsafe-perm in lifecycle true
7 verbose lifecycle hapi-ps-es6@1.0.0~prestart: PATH: /home/vagrant/.nvm/versions/node/v6.3.1/lib/node_modules/npm/bin/node-gyp-bin:/home/vagrant/workspace/learn-hapi/hapi-ps-es6/node_modules/.bin:/home/vagrant/.nvm/versions/node/v6.3.1/bin:/home/vagrant/.nvm/versions/node/v6.3.1/bin:/u01/app/jboss-eap-6.1/bin:/u01/app/jdk1.8.0_45/bin:/usr/local/apache-maven-3.2.3/bin:/u01/app/jboss-eap-6.1/bin:/u01/app/jdk1.8.0_45/bin:/usr/local/apache-maven-3.2.3/bin:/usr/lib64/qt-3.3/bin:/usr/local/bin:/usr/local/sbin:/usr/bin:/usr/sbin:/bin:/sbin:/usr/java/jdk1.8.0_25/:/appl/nodeJS/bin:/home/vagrant/.local/bin:/home/vagrant/bin:/appl/nodeJS/bin:/usr/java/jdk1.8.0_25/:/appl/nodeJS/bin
8 verbose lifecycle hapi-ps-es6@1.0.0~prestart: CWD: /home/vagrant/workspace/learn-hapi/hapi-ps-es6
9 silly lifecycle hapi-ps-es6@1.0.0~prestart: Args: [ '-c', 'npm run compile' ]
10 silly lifecycle hapi-ps-es6@1.0.0~prestart: Returned: code: 0  signal: null
11 info lifecycle hapi-ps-es6@1.0.0~start: hapi-ps-es6@1.0.0
12 verbose lifecycle hapi-ps-es6@1.0.0~start: unsafe-perm in lifecycle true
13 verbose lifecycle hapi-ps-es6@1.0.0~start: PATH: /home/vagrant/.nvm/versions/node/v6.3.1/lib/node_modules/npm/bin/node-gyp-bin:/home/vagrant/workspace/learn-hapi/hapi-ps-es6/node_modules/.bin:/home/vagrant/.nvm/versions/node/v6.3.1/bin:/home/vagrant/.nvm/versions/node/v6.3.1/bin:/u01/app/jboss-eap-6.1/bin:/u01/app/jdk1.8.0_45/bin:/usr/local/apache-maven-3.2.3/bin:/u01/app/jboss-eap-6.1/bin:/u01/app/jdk1.8.0_45/bin:/usr/local/apache-maven-3.2.3/bin:/usr/lib64/qt-3.3/bin:/usr/local/bin:/usr/local/sbin:/usr/bin:/usr/sbin:/bin:/sbin:/usr/java/jdk1.8.0_25/:/appl/nodeJS/bin:/home/vagrant/.local/bin:/home/vagrant/bin:/appl/nodeJS/bin:/usr/java/jdk1.8.0_25/:/appl/nodeJS/bin
14 verbose lifecycle hapi-ps-es6@1.0.0~start: CWD: /home/vagrant/workspace/learn-hapi/hapi-ps-es6
15 silly lifecycle hapi-ps-es6@1.0.0~start: Args: [ '-c', 'node lib/server.js' ]
16 silly lifecycle hapi-ps-es6@1.0.0~start: Returned: code: 1  signal: null
17 info lifecycle hapi-ps-es6@1.0.0~start: Failed to exec start script
18 verbose stack Error: hapi-ps-es6@1.0.0 start: `node lib/server.js`
18 verbose stack Exit status 1
18 verbose stack     at EventEmitter.<anonymous> (/home/vagrant/.nvm/versions/node/v6.3.1/lib/node_modules/npm/lib/utils/lifecycle.js:242:16)
18 verbose stack     at emitTwo (events.js:106:13)
18 verbose stack     at EventEmitter.emit (events.js:191:7)
18 verbose stack     at ChildProcess.<anonymous> (/home/vagrant/.nvm/versions/node/v6.3.1/lib/node_modules/npm/lib/utils/spawn.js:40:14)
18 verbose stack     at emitTwo (events.js:106:13)
18 verbose stack     at ChildProcess.emit (events.js:191:7)
18 verbose stack     at maybeClose (internal/child_process.js:852:16)
18 verbose stack     at Process.ChildProcess._handle.onexit (internal/child_process.js:215:5)
19 verbose pkgid hapi-ps-es6@1.0.0
20 verbose cwd /home/vagrant/workspace/learn-hapi/hapi-ps-es6
21 error Linux 3.10.0-514.6.2.el7.x86_64
22 error argv "/home/vagrant/.nvm/versions/node/v6.3.1/bin/node" "/home/vagrant/.nvm/versions/node/v6.3.1/bin/npm" "start"
23 error node v6.3.1
24 error npm  v3.10.3
25 error code ELIFECYCLE
26 error hapi-ps-es6@1.0.0 start: `node lib/server.js`
26 error Exit status 1
27 error Failed at the hapi-ps-es6@1.0.0 start script 'node lib/server.js'.
27 error Make sure you have the latest version of node.js and npm installed.
27 error If you do, this is most likely a problem with the hapi-ps-es6 package,
27 error not with npm itself.
27 error Tell the author that this fails on your system:
27 error     node lib/server.js
27 error You can get information on how to open an issue for this project with:
27 error     npm bugs hapi-ps-es6
27 error Or if that isn't available, you can get their info via:
27 error     npm owner ls hapi-ps-es6
27 error There is likely additional logging output above.
28 verbose exit [ 1, true ]
